c:\users\dovydas\source\repos\nativelibrary\bridge\debug\bridge.pch
c:\users\dovydas\source\repos\nativelibrary\bridge\debug\vc141.pdb
c:\users\dovydas\source\repos\nativelibrary\bridge\debug\stdafx.obj
c:\users\dovydas\source\repos\nativelibrary\bridge\debug\bridge.obj
c:\users\dovydas\source\repos\nativelibrary\bridge\debug\assemblyinfo.obj
c:\users\dovydas\source\repos\nativelibrary\bridge\debug\.netframework,version=v4.6.1.assemblyattributes.obj
c:\users\dovydas\source\repos\nativelibrary\bridge\debug\.netframework,version=v4.6.1.assemblyattributes.asm
c:\users\dovydas\source\repos\nativelibrary\debug\bridge.dll
c:\users\dovydas\source\repos\nativelibrary\debug\bridge.pdb
c:\users\dovydas\source\repos\nativelibrary\bridge\debug\app.res
c:\users\dovydas\source\repos\nativelibrary\bridge\debug\bridge.tlog\cl.command.1.tlog
c:\users\dovydas\source\repos\nativelibrary\bridge\debug\bridge.tlog\cl.read.1.tlog
c:\users\dovydas\source\repos\nativelibrary\bridge\debug\bridge.tlog\cl.write.1.tlog
c:\users\dovydas\source\repos\nativelibrary\bridge\debug\bridge.tlog\link.command.1.tlog
c:\users\dovydas\source\repos\nativelibrary\bridge\debug\bridge.tlog\link.read.1.tlog
c:\users\dovydas\source\repos\nativelibrary\bridge\debug\bridge.tlog\link.write.1.tlog
c:\users\dovydas\source\repos\nativelibrary\bridge\debug\bridge.tlog\metagen.read.1.tlog
c:\users\dovydas\source\repos\nativelibrary\bridge\debug\bridge.tlog\metagen.write.1.tlog
c:\users\dovydas\source\repos\nativelibrary\bridge\debug\bridge.tlog\rc.command.1.tlog
c:\users\dovydas\source\repos\nativelibrary\bridge\debug\bridge.tlog\rc.read.1.tlog
c:\users\dovydas\source\repos\nativelibrary\bridge\debug\bridge.tlog\rc.write.1.tlog
c:\users\dovydas\source\repos\nativelibrary\bridge\debug\bridge.tlog\tzres.dll.bi
